{"D:\\NodeJS\\assert-options\\src\\index.js":{"path":"D:\\NodeJS\\assert-options\\src\\index.js","s":{"1":1,"2":8,"3":8,"4":5,"5":5,"6":4,"7":2,"8":3,"9":6,"10":3,"11":2,"12":6,"13":1},"b":{"1":[8,5],"2":[5,3],"3":[2,2],"4":[4,2,3,2],"5":[2,1]},"f":{"1":8},"fnMap":{"1":{"name":"assertOptions","line":3,"loc":{"start":{"line":3,"column":0},"end":{"line":3,"column":37}}}},"statementMap":{"1":{"start":{"line":3,"column":0},"end":{"line":22,"column":1}},"2":{"start":{"line":4,"column":4},"end":{"line":4,"column":20}},"3":{"start":{"line":5,"column":4},"end":{"line":14,"column":5}},"4":{"start":{"line":6,"column":8},"end":{"line":6,"column":43}},"5":{"start":{"line":7,"column":8},"end":{"line":11,"column":9}},"6":{"start":{"line":8,"column":12},"end":{"line":10,"column":13}},"7":{"start":{"line":9,"column":16},"end":{"line":9,"column":76}},"8":{"start":{"line":13,"column":8},"end":{"line":13,"column":21}},"9":{"start":{"line":16,"column":4},"end":{"line":20,"column":5}},"10":{"start":{"line":17,"column":8},"end":{"line":19,"column":9}},"11":{"start":{"line":18,"column":12},"end":{"line":18,"column":32}},"12":{"start":{"line":21,"column":4},"end":{"line":21,"column":19}},"13":{"start":{"line":24,"column":0},"end":{"line":24,"column":31}}},"branchMap":{"1":{"line":4,"type":"binary-expr","locations":[{"start":{"line":4,"column":10},"end":{"line":4,"column":13}},{"start":{"line":4,"column":17},"end":{"line":4,"column":19}}]},"2":{"line":5,"type":"if","locations":[{"start":{"line":5,"column":4},"end":{"line":5,"column":4}},{"start":{"line":5,"column":4},"end":{"line":5,"column":4}}]},"3":{"line":8,"type":"if","locations":[{"start":{"line":8,"column":12},"end":{"line":8,"column":12}},{"start":{"line":8,"column":12},"end":{"line":8,"column":12}}]},"4":{"line":8,"type":"binary-expr","locations":[{"start":{"line":8,"column":17},"end":{"line":8,"column":24}},{"start":{"line":8,"column":28},"end":{"line":8,"column":49}},{"start":{"line":8,"column":55},"end":{"line":8,"column":63}},{"start":{"line":8,"column":67},"end":{"line":8,"column":78}}]},"5":{"line":17,"type":"if","locations":[{"start":{"line":17,"column":8},"end":{"line":17,"column":8}},{"start":{"line":17,"column":8},"end":{"line":17,"column":8}}]}}}}